<?xml version="1.0" encoding="UTF-8"?>
<testng-results skipped="0" failed="0" total="1" passed="1">
  <reporter-output>
  </reporter-output>
  <suite name="Default suite" duration-ms="8101" started-at="2020-07-30T16:28:04Z" finished-at="2020-07-30T16:28:12Z">
    <groups>
    </groups>
    <test name="Default test" duration-ms="8101" started-at="2020-07-30T16:28:04Z" finished-at="2020-07-30T16:28:12Z">
      <class name="com.acti.base.DriverScript">
        <test-method status="PASS" signature="initBrowser()[pri:0, instance:com.acti.base.DriverScript@1fbc7afb]" name="initBrowser" duration-ms="8099" started-at="2020-07-30T12:28:04Z" finished-at="2020-07-30T12:28:12Z">
          <reporter-output>
          </reporter-output>
        </test-method> <!-- initBrowser -->
      </class> <!-- com.acti.base.DriverScript -->
    </test> <!-- Default test -->
  </suite> <!-- Default suite -->
</testng-results>
